<?xml version="1.0" encoding="UTF-8"?>
<!-- Generated by org.testng.reporters.JUnitReportReporter -->
<testsuite hostname="ATMECSINLT-038" failures="0" tests="5" name="com.atmecs.testscripts.HomePageTesting" time="169.649" errors="0" timestamp="27 Aug 2019 10:29:04 GMT" skipped="0">
  <testcase classname="com.atmecs.testscripts.HomePageTesting" name="testHome" time="33.278"/>
  <testcase classname="com.atmecs.testscripts.HomePageTesting" name="testHome" time="35.934"/>
  <testcase classname="com.atmecs.testscripts.HomePageTesting" name="testHome" time="35.726"/>
  <testcase classname="com.atmecs.testscripts.HomePageTesting" name="testHome" time="32.677"/>
  <testcase classname="com.atmecs.testscripts.HomePageTesting" name="testHome" time="32.034"/>
</testsuite> <!-- com.atmecs.testscripts.HomePageTesting -->
