<?xml version="1.0" encoding="UTF-8"?>
<!-- Generated by org.testng.reporters.JUnitReportReporter -->
<testsuite hostname="ATMECSINLT-038" failures="0" tests="1" name="com.atmecs.testscripts.MultipleElements" time="25.298" errors="0" timestamp="28 Aug 2019 12:06:54 GMT" skipped="0">
  <testcase classname="com.atmecs.testscripts.MultipleElements" name="getElements" time="25.298"/>
</testsuite> <!-- com.atmecs.testscripts.MultipleElements -->
